Build started 6/11/2015 6:11:20 PM.
     1>Project "C:\workspace\cosmetic_bot_project\VC_Gadget\VC_Gadget.vcxproj" on node 2 (Build target(s)).
     1>ClCompile:
         C:\Program Files (x86)\Microsoft Visual Studio 12.0\VC\bin\CL.exe /c /Zi /nologo /W3 /WX- /Od /Oy- /D WIN32 /D _DEBUG /D _CONSOLE /Gm /EHsc /RTC1 /MDd /GS /fp:precise /Zc:wchar_t /Zc:forScope /Fo"Debug\\" /Fd"Debug\vc120.pdb" /Gd /TP /analyze- /errorReport:prompt test.cpp
         test.cpp
     1>c1xx : fatal error C1083: Cannot open source file: 'test.cpp': No such file or directory
     1>Done Building Project "C:\workspace\cosmetic_bot_project\VC_Gadget\VC_Gadget.vcxproj" (Build target(s)) -- FAILED.

Build FAILED.

Time Elapsed 00:00:00.19
